<?xml version="1.0" encoding="UTF-8"?>
<!-- Generated by org.testng.reporters.JUnitXMLReporter -->
<testsuite ignored="1" hostname="LAPTOP-GTM2QHS4" failures="1" tests="1" name="Default test(failed)" time="0.074" errors="0" timestamp="2024-11-11T13:24:31 IST">
  <testcase classname="testNGDemo.testDemo5_Assertion" name="hardAssertionTest" time="0.022">
    <failure type="java.lang.AssertionError" message="Fail: String are not equal expected [Selenium WebDriver is WebUI Automation library] but found [Selenium WebDriver is WebUI Automation Library]">
      <![CDATA[java.lang.AssertionError: Fail: String are not equal expected [Selenium WebDriver is WebUI Automation library] but found [Selenium WebDriver is WebUI Automation Library]
at testNGDemo.testDemo5_Assertion.hardAssertionTest(testDemo5_Assertion.java:16)
at java.base/java.util.ArrayList.forEach(ArrayList.java:1597)
... Removed 30 stack frames]]>
    </failure>
  </testcase> <!-- hardAssertionTest -->
  <testcase classname="testNGDemo.testDemo5_Assertion" name="softAssertionTest" time="0.0">
    <ignored/>
  </testcase> <!-- softAssertionTest -->
</testsuite> <!-- Default test(failed) -->
