<?xml version="1.0" encoding="UTF-8"?>
<!-- Generated by org.testng.reporters.JUnitXMLReporter -->
<testsuite ignored="0" hostname="LAPTOP-GTM2QHS4" failures="0" tests="3" name="Default test" time="0.042" errors="0" timestamp="2024-11-11T20:52:44 IST">
  <testcase classname="testNGDemo.annotationDemo" name="registerTest" time="0.006"/>
  <testcase classname="testNGDemo.annotationDemo" name="loginTest" time="0.001"/>
  <testcase classname="testNGDemo.annotationDemo" name="logoutTest" time="0.001"/>
</testsuite> <!-- Default test -->
