<?xml version="1.0" encoding="UTF-8"?>
<!-- Generated by org.testng.reporters.JUnitXMLReporter -->
<testsuite ignored="2" hostname="LAPTOP-GTM2QHS4" failures="0" tests="3" name="Test" time="0.081" errors="0" timestamp="2024-11-11T20:09:11 IST">
  <testcase classname="testNGDemo.GroupTestDemo" name="verifyLogin" time="0.017"/>
  <testcase classname="testNGDemo.GroupTestDemo" name="verifyTitle" time="0.002"/>
  <testcase classname="testNGDemo.GroupTestDemo" name="verifyLogout" time="0.002"/>
  <testcase classname="testNGDemo.GroupTestDemo" name="verifylink" time="0.0">
    <ignored/>
  </testcase> <!-- verifylink -->
  <testcase classname="testNGDemo.GroupTestDemo" name="verifyUrl" time="0.0">
    <ignored/>
  </testcase> <!-- verifyUrl -->
</testsuite> <!-- Test -->
