<?xml version="1.0" encoding="UTF-8"?>
<testng-results ignored="0" total="3" passed="3" failed="0" skipped="0">
  <reporter-output>
  </reporter-output>
  <suite started-at="2024-11-11T20:52:44 IST" name="Default suite" finished-at="2024-11-11T20:52:44 IST" duration-ms="42">
    <groups>
    </groups>
    <test started-at="2024-11-11T20:52:44 IST" name="Default test" finished-at="2024-11-11T20:52:44 IST" duration-ms="42">
      <class name="testNGDemo.annotationDemo">
        <test-method is-config="true" signature="bSuite()[pri:0, instance:testNGDemo.annotationDemo@7e6f74c]" started-at="2024-11-11T20:52:44 IST" name="bSuite" finished-at="2024-11-11T20:52:44 IST" duration-ms="7" status="PASS">
          <reporter-output>
          </reporter-output>
        </test-method> <!-- bSuite -->
        <test-method is-config="true" signature="bTest()[pri:0, instance:testNGDemo.annotationDemo@7e6f74c]" started-at="2024-11-11T20:52:44 IST" name="bTest" finished-at="2024-11-11T20:52:44 IST" duration-ms="1" status="PASS">
          <reporter-output>
          </reporter-output>
        </test-method> <!-- bTest -->
        <test-method is-config="true" signature="bClass()[pri:0, instance:testNGDemo.annotationDemo@7e6f74c]" started-at="2024-11-11T20:52:44 IST" name="bClass" finished-at="2024-11-11T20:52:44 IST" duration-ms="0" status="PASS">
          <reporter-output>
          </reporter-output>
        </test-method> <!-- bClass -->
        <test-method is-config="true" signature="bMethod()[pri:0, instance:testNGDemo.annotationDemo@7e6f74c]" started-at="2024-11-11T20:52:44 IST" name="bMethod" finished-at="2024-11-11T20:52:44 IST" duration-ms="1" status="PASS">
          <reporter-output>
          </reporter-output>
        </test-method> <!-- bMethod -->
        <test-method signature="registerTest()[pri:1, instance:testNGDemo.annotationDemo@7e6f74c]" started-at="2024-11-11T20:52:44 IST" name="registerTest" finished-at="2024-11-11T20:52:44 IST" duration-ms="6" status="PASS">
          <reporter-output>
          </reporter-output>
        </test-method> <!-- registerTest -->
        <test-method is-config="true" signature="aMethod()[pri:0, instance:testNGDemo.annotationDemo@7e6f74c]" started-at="2024-11-11T20:52:44 IST" name="aMethod" finished-at="2024-11-11T20:52:44 IST" duration-ms="1" status="PASS">
          <reporter-output>
          </reporter-output>
        </test-method> <!-- aMethod -->
        <test-method signature="loginTest()[pri:2, instance:testNGDemo.annotationDemo@7e6f74c]" started-at="2024-11-11T20:52:44 IST" name="loginTest" finished-at="2024-11-11T20:52:44 IST" duration-ms="1" status="PASS">
          <reporter-output>
          </reporter-output>
        </test-method> <!-- loginTest -->
        <test-method is-config="true" signature="bMethod()[pri:0, instance:testNGDemo.annotationDemo@7e6f74c]" started-at="2024-11-11T20:52:44 IST" name="bMethod" finished-at="2024-11-11T20:52:44 IST" duration-ms="0" status="PASS">
          <reporter-output>
          </reporter-output>
        </test-method> <!-- bMethod -->
        <test-method is-config="true" signature="aMethod()[pri:0, instance:testNGDemo.annotationDemo@7e6f74c]" started-at="2024-11-11T20:52:44 IST" name="aMethod" finished-at="2024-11-11T20:52:44 IST" duration-ms="1" status="PASS">
          <reporter-output>
          </reporter-output>
        </test-method> <!-- aMethod -->
        <test-method signature="logoutTest()[pri:3, instance:testNGDemo.annotationDemo@7e6f74c]" started-at="2024-11-11T20:52:44 IST" name="logoutTest" finished-at="2024-11-11T20:52:44 IST" duration-ms="1" status="PASS">
          <reporter-output>
          </reporter-output>
        </test-method> <!-- logoutTest -->
        <test-method is-config="true" signature="bMethod()[pri:0, instance:testNGDemo.annotationDemo@7e6f74c]" started-at="2024-11-11T20:52:44 IST" name="bMethod" finished-at="2024-11-11T20:52:44 IST" duration-ms="0" status="PASS">
          <reporter-output>
          </reporter-output>
        </test-method> <!-- bMethod -->
        <test-method is-config="true" signature="aClass()[pri:0, instance:testNGDemo.annotationDemo@7e6f74c]" started-at="2024-11-11T20:52:44 IST" name="aClass" finished-at="2024-11-11T20:52:44 IST" duration-ms="2" status="PASS">
          <reporter-output>
          </reporter-output>
        </test-method> <!-- aClass -->
        <test-method is-config="true" signature="aMethod()[pri:0, instance:testNGDemo.annotationDemo@7e6f74c]" started-at="2024-11-11T20:52:44 IST" name="aMethod" finished-at="2024-11-11T20:52:44 IST" duration-ms="0" status="PASS">
          <reporter-output>
          </reporter-output>
        </test-method> <!-- aMethod -->
        <test-method is-config="true" signature="aTest()[pri:0, instance:testNGDemo.annotationDemo@7e6f74c]" started-at="2024-11-11T20:52:44 IST" name="aTest" finished-at="2024-11-11T20:52:44 IST" duration-ms="0" status="PASS">
          <reporter-output>
          </reporter-output>
        </test-method> <!-- aTest -->
        <test-method is-config="true" signature="aSuite()[pri:0, instance:testNGDemo.annotationDemo@7e6f74c]" started-at="2024-11-11T20:52:44 IST" name="aSuite" finished-at="2024-11-11T20:52:44 IST" duration-ms="0" status="PASS">
          <reporter-output>
          </reporter-output>
        </test-method> <!-- aSuite -->
      </class> <!-- testNGDemo.annotationDemo -->
    </test> <!-- Default test -->
  </suite> <!-- Default suite -->
</testng-results>
